nohup: ignoring input

    ___  __          __
   / _ )/ /_ _____  / /__
  / _  / / // / _ \/  '_/
 /____/_/\_, /_//_/_/\_\
        /___/ for Python v1.0.0 (linux)

Connecting to fra1.blynk.cloud:443...
Wysyłam res_percent: 100.0%, 100.0%
reset 2025-03-11 21:43
Wysyłam res_percent: 100.0%, 100.0%
reset 2025-03-11 22:16
Wysyłam res_percent: 100.0%, 100.0%
reset 2025-03-11 22:50
Wysyłam res_percent: 100.0%, 100.0%
reset 2025-03-11 23:23
Wysyłam res_percent: 100.0%, 100.0%
reset 2025-03-11 23:56
Wysyłam res_percent: 100.0%, 100.0%
reset 2025-03-12 00:30
Wysyłam res_percent: 99.91%, 100.0%
reset 2025-03-12 01:03
Wysyłam res_percent: 99.77%, 100.0%
reset 2025-03-12 01:37
Wysyłam res_percent: 99.77%, 100.0%
reset 2025-03-12 02:10
Wysyłam res_percent: 99.47%, 100.0%
reset 2025-03-12 02:43
Wysyłam res_percent: 99.47%, 100.0%
reset 2025-03-12 03:17
Wysyłam res_percent: 99.47%, 100.0%
reset 2025-03-12 03:50
Wysyłam res_percent: 99.18%, 100.0%
reset 2025-03-12 04:23
Wysyłam res_percent: 99.18%, 100.0%
reset 2025-03-12 04:57
Wysyłam res_percent: 99.18%, 100.0%
reset 2025-03-12 05:30
Wysyłam res_percent: 99.18%, 100.0%
reset 2025-03-12 06:04
Wysyłam res_percent: 99.03%, 100.0%
reset 2025-03-12 06:37
Wysyłam res_percent: 99.03%, 100.0%
reset 2025-03-12 07:10
Wysyłam res_percent: 98.89%, 100.0%
Przycisk naciśnięty! Wysyłam res_percent: 98.89%
reset 2025-03-12 07:44
Wysyłam res_percent: 98.74%, 100.0%
reset 2025-03-12 08:17
Wysyłam res_percent: 98.74%, 100.0%
reset 2025-03-12 08:50
Błąd połączenia z Blynk: TLS/SSL connection has been closed (EOF) (_ssl.c:2393). Ponowna próba za 5 sekund...
Brak połaczenia
Connecting to fra1.blynk.cloud:443...
Wysyłam res_percent: 98.59%, 100.0%
Błąd połączenia z Blynk: TLS/SSL connection has been closed (EOF) (_ssl.c:2393). Ponowna próba za 5 sekund...
Brak połaczenia
Connecting to fra1.blynk.cloud:443...
reset 2025-03-12 09:24
Wysyłam res_percent: 98.59%, 100.0%
reset 2025-03-12 09:58
Wysyłam res_percent: 98.59%, 100.0%
reset 2025-03-12 10:31
Błąd połączenia z Blynk: TLS/SSL connection has been closed (EOF) (_ssl.c:2393). Ponowna próba za 5 sekund...
Brak połaczenia
Connecting to fra1.blynk.cloud:443...
Wysyłam res_percent: 98.44%, 100.0%
reset 2025-03-12 11:05
Wysyłam res_percent: 98.15%, 100.0%
reset 2025-03-12 11:38
Wysyłam res_percent: 97.85%, 100.0%
reset 2025-03-12 12:12
Wysyłam res_percent: 93.0%, 100.0%
reset 2025-03-12 12:45
Wysyłam res_percent: 92.7%, 100.0%
reset 2025-03-12 13:18
Wysyłam res_percent: 92.85%, 100.0%
reset 2025-03-12 13:52
Wysyłam res_percent: 93.0%, 100.0%
reset 2025-03-12 14:25
Błąd połączenia z Blynk: TLS/SSL connection has been closed (EOF) (_ssl.c:2393). Ponowna próba za 5 sekund...
Brak połaczenia
Connecting to fra1.blynk.cloud:443...
Wysyłam res_percent: 93.14%, 100.0%
reset 2025-03-12 14:59
Wysyłam res_percent: 93.29%, 100.0%
reset 2025-03-12 15:32
Wysyłam res_percent: 93.44%, 100.0%
reset 2025-03-12 16:06
Wysyłam res_percent: 93.44%, 100.0%
reset 2025-03-12 16:39
Wysyłam res_percent: 93.59%, 100.0%
reset 2025-03-12 17:12
Wysyłam res_percent: 93.88%, 100.0%
reset 2025-03-12 17:46
Wysyłam res_percent: 93.73%, 100.0%
reset 2025-03-12 18:19
Wysyłam res_percent: 93.88%, 100.0%
reset 2025-03-12 18:52
Wysyłam res_percent: 93.44%, 100.0%
reset 2025-03-12 19:26
Błąd połączenia z Blynk: TLS/SSL connection has been closed (EOF) (_ssl.c:2393). Ponowna próba za 5 sekund...
Brak połaczenia
Connecting to fra1.blynk.cloud:443...
Wysyłam res_percent: 93.29%, 100.0%
reset 2025-03-12 20:00
Wysyłam res_percent: 93.0%, 100.0%
reset 2025-03-12 20:33
Wysyłam res_percent: 93.14%, 100.0%
reset 2025-03-12 21:06
Wysyłam res_percent: 93.29%, 100.0%
reset 2025-03-12 21:40
Wysyłam res_percent: 93.44%, 100.0%
reset 2025-03-12 22:13
Wysyłam res_percent: 93.29%, 100.0%
reset 2025-03-12 22:46
Wysyłam res_percent: 93.59%, 100.0%
reset 2025-03-12 23:20
Wysyłam res_percent: 93.29%, 100.0%
reset 2025-03-12 23:53
Wysyłam res_percent: 84.31%, 100.0%
reset 2025-03-13 00:27
Wysyłam res_percent: 84.02%, 100.0%
reset 2025-03-13 01:00
Wysyłam res_percent: 84.17%, 100.0%
reset 2025-03-13 01:33
Wysyłam res_percent: 84.31%, 100.0%
reset 2025-03-13 02:07
Wysyłam res_percent: 84.31%, 100.0%
reset 2025-03-13 02:40
Wysyłam res_percent: 84.61%, 100.0%
reset 2025-03-13 03:13
Wysyłam res_percent: 85.05%, 100.0%
reset 2025-03-13 03:47
Wysyłam res_percent: 85.64%, 100.0%
reset 2025-03-13 04:20
Wysyłam res_percent: 84.61%, 100.0%
reset 2025-03-13 04:54
Wysyłam res_percent: 84.31%, 100.0%
reset 2025-03-13 05:27
Wysyłam res_percent: 83.72%, 100.0%
reset 2025-03-13 06:00
Wysyłam res_percent: 82.99%, 100.0%
reset 2025-03-13 06:34
Wysyłam res_percent: 82.25%, 100.0%
reset 2025-03-13 07:07
Wysyłam res_percent: 81.96%, 100.0%
reset 2025-03-13 07:40
Wysyłam res_percent: 81.37%, 100.0%
reset 2025-03-13 08:14
Wysyłam res_percent: 81.66%, 100.0%
Błąd połączenia z Blynk: TLS/SSL connection has been closed (EOF) (_ssl.c:2393). Ponowna próba za 5 sekund...
Brak połaczenia
Connecting to fra1.blynk.cloud:443...
reset 2025-03-13 08:47
Wysyłam res_percent: 82.4%, 100.0%
reset 2025-03-13 09:21
Wysyłam res_percent: 90.79%, 100.0%
reset 2025-03-13 09:54
Wysyłam res_percent: 90.5%, 100.0%
reset 2025-03-13 10:27
Wysyłam res_percent: 87.85%, 100.0%
reset 2025-03-13 11:01
Wysyłam res_percent: 86.96%, 100.0%
reset 2025-03-13 11:34
Wysyłam res_percent: 86.23%, 100.0%
reset 2025-03-13 12:08
Wysyłam res_percent: 81.22%, 99.62%
reset 2025-03-13 12:41
Wysyłam res_percent: 80.78%, 100.0%
reset 2025-03-13 13:14
Wysyłam res_percent: 80.05%, 100.0%
reset 2025-03-13 13:48
Wysyłam res_percent: 80.49%, 87.47%
reset 2025-03-13 14:21
Błąd połączenia z Blynk: TLS/SSL connection has been closed (EOF) (_ssl.c:2393). Ponowna próba za 5 sekund...
Brak połaczenia
Connecting to fra1.blynk.cloud:443...
Traceback (most recent call last):
  File "/home/malina/projekt-foliak/sand2blynk.py", line 71, in <module>
    blynk.virtual_write(PIN_RESISTANCE, res_percent)
  File "/home/malina/myenv/lib/python3.11/site-packages/BlynkLib.py", line 84, in virtual_write
    self._send(MSG_HW, 'vw', pin, *val)
  File "/home/malina/myenv/lib/python3.11/site-packages/BlynkLib.py", line 117, in _send
    self._write(msg)
  File "/home/malina/myenv/lib/python3.11/site-packages/BlynkLib.py", line 249, in _write
    self.conn.write(data)
  File "/usr/lib/python3.11/ssl.py", line 1186, in write
    return self._sslobj.write(data)
           ^^^^^^^^^^^^^^^^^^^^^^^^
ssl.SSLZeroReturnError: TLS/SSL connection has been closed (EOF) (_ssl.c:2393)

During handling of the above exception, another exception occurred:

Traceback (most recent call last):
  File "/home/malina/projekt-foliak/sand2blynk.py", line 91, in <module>
    blynk = connect_blynk()
            ^^^^^^^^^^^^^^^
  File "/home/malina/projekt-foliak/sand2blynk.py", line 15, in connect_blynk
    return BlynkLib.Blynk(BLYNK_AUTH_TOKEN, server="fra1.blynk.cloud", port=443)
           ^^^^^^^^^^^^^^^^^^^^^^^^^^^^^^^^^^^^^^^^^^^^^^^^^^^^^^^^^^^^^^^^^^^^^
  File "/home/malina/myenv/lib/python3.11/site-packages/BlynkLib.py", line 214, in __init__
    BlynkProtocol.__init__(self, auth, **kwargs)
  File "/home/malina/myenv/lib/python3.11/site-packages/BlynkLib.py", line 81, in __init__
    self.connect()
  File "/home/malina/myenv/lib/python3.11/site-packages/BlynkLib.py", line 226, in connect
    s.connect(socket.getaddrinfo(self.server, self.port)[0][-1])
              ^^^^^^^^^^^^^^^^^^^^^^^^^^^^^^^^^^^^^^^^^^
  File "/usr/lib/python3.11/socket.py", line 962, in getaddrinfo
    for res in _socket.getaddrinfo(host, port, family, type, proto, flags):
               ^^^^^^^^^^^^^^^^^^^^^^^^^^^^^^^^^^^^^^^^^^^^^^^^^^^^^^^^^^^
socket.gaierror: [Errno -3] Temporary failure in name resolution
